2004.10.06 17:28 B V:\ALKG\ICPA\User\Visser\PICE Website\PICE Dataset CLICK 1-10.pdf --> www.pice.nl /documenten PICE Dataset CLICK 1-10.pdf
2004.10.06 17:28 B V:\ALKG\ICPA\User\Visser\PICE Website\Diagnosecodes.pdf --> www.pice.nl /documenten Diagnosecodes.pdf
2004.10.06 17:29 B V:\ALKG\ICPA\User\Visser\PICE Website\codes.htm <-- pice / codes.htm
2004.10.06 17:34 B V:\ALKG\ICPA\User\Visser\PICE Website\dataset.htm --> www.pice.nl / dataset.htm
2004.10.06 17:34 B V:\ALKG\ICPA\User\Visser\PICE Website\home.htm <-- pice / home.htm
2004.10.06 17:39 B V:\ALKG\ICPA\User\Visser\PICE Website\vacature.htm <-- pice / vacature.htm
2004.12.15 13:49 B V:\ALKG\ICPA\User\Visser\PICE Website\NieuwsbriefPICE1.pdf --> www.pice.nl /documenten NieuwsbriefPICE1.pdf
2004.12.15 13:49 B V:\ALKG\ICPA\User\Visser\PICE Website\home.htm <-- pice / home.htm
2004.12.15 13:50 B V:\ALKG\ICPA\User\Visser\PICE Website\codes.htm <-- pice / codes.htm
2004.12.15 14:02 B V:\ALKG\ICPA\User\Visser\PICE Website\home.htm --> www.pice.nl / home.htm
2004.12.15 14:02 B V:\ALKG\ICPA\User\Visser\PICE Website\nieuws.htm --> www.pice.nl / nieuws.htm
2004.12.21 14:56 B V:\ALKG\ICPA\User\Visser\PICE Website\home.htm <-- pice / home.htm
2004.12.21 16:18 B V:\ALKG\ICPA\User\Visser\PICE Website\home.htm --> www.pice.nl / home.htm
2004.12.22 13:14 B V:\ALKG\ICPA\User\Visser\PICE Website\dataset.htm --> www.pice.nl / dataset.htm
2004.12.22 13:14 B V:\ALKG\ICPA\User\Visser\PICE Website\werkgroep.htm --> www.pice.nl / werkgroep.htm
2004.12.22 13:14 B V:\ALKG\ICPA\User\Visser\PICE Website\home.htm --> www.pice.nl / home.htm
2004.12.22 13:29 B V:\ALKG\ICPA\User\Visser\PICE Website\dataset.htm --> www.pice.nl / dataset.htm
2004.12.22 13:33 B V:\ALKG\ICPA\User\Visser\PICE Website\dataset.htm --> www.pice.nl / dataset.htm
2004.12.22 13:53 B V:\ALKG\ICPA\User\Visser\PICE Website\PICE Dataset CLICK 1-10.pdf --> www.pice.nl /documenten PICE Dataset CLICK 1-10.pdf
2004.12.24 15:24 B V:\ALKG\ICPA\User\Visser\PICE Website\home.htm <-- pice / home.htm
2004.12.24 15:33 B V:\ALKG\ICPA\User\Visser\PICE Website\home.htm --> www.pice.nl / home.htm
2005.01.14 17:02 B V:\ALKG\ICPA\User\Visser\PICE Website\home.htm --> www.pice.nl / home.htm
2005.02.02 14:03 B V:\ALKG\ICPA\User\Visser\PICE Website\home.htm --> www.pice.nl / home.htm
2005.02.02 14:36 B V:\ALKG\ICPA\User\Visser\PICE Website\links.htm <-- pice / links.htm
2005.02.02 14:38 B V:\ALKG\ICPA\User\Visser\PICE Website\deelnemers.htm <-- pice / deelnemers.htm
2005.02.02 15:14 B V:\ALKG\ICPA\User\Visser\PICE Website\deelnemers.htm --> www.pice.nl / deelnemers.htm
2005.02.02 15:18 B V:\ALKG\ICPA\User\Visser\PICE Website\deelnemers.htm --> www.pice.nl / deelnemers.htm
2005.02.02 15:22 B V:\ALKG\ICPA\User\Visser\PICE Website\deelnemers.htm --> www.pice.nl / deelnemers.htm
2005.02.02 15:37 B V:\ALKG\ICPA\User\Visser\PICE Website\deelnemers.htm --> www.pice.nl / deelnemers.htm
2005.02.04 10:45 B V:\ALKG\ICPA\User\Visser\PICE Website\home.htm --> www.pice.nl / home.htm
2005.02.04 10:48 B V:\ALKG\ICPA\User\Visser\PICE Website\home.htm --> www.pice.nl / home.htm
2005.02.04 10:50 B V:\ALKG\ICPA\User\Visser\PICE Website\home.htm --> www.pice.nl / home.htm
2005.02.04 17:27 B V:\ALKG\ICPA\User\Visser\PICE Website\home.htm --> www.pice.nl / home.htm
2005.02.07 16:00 B V:\ALKG\ICPA\User\Visser\PICE Website\home.htm --> www.pice.nl / home.htm
2005.02.08 16:36 B V:\ALKG\ICPA\User\Visser\PICE Website\home.htm --> www.pice.nl / home.htm
2005.03.02 16:14 B V:\ALKG\ICPA\User\Visser\PICE Website\home.htm --> www.pice.nl / home.htm
2005.03.02 16:48 B V:\ALKG\ICPA\User\Visser\PICE Website\home.htm --> www.pice.nl / home.htm
2005.03.02 16:48 B V:\ALKG\ICPA\User\Visser\PICE Website\training.htm --> www.pice.nl / training.htm
2005.03.02 16:52 B V:\ALKG\ICPA\User\Visser\PICE Website\werkgroep.htm --> www.pice.nl / werkgroep.htm
2005.03.02 16:56 B V:\ALKG\ICPA\User\Visser\PICE Website\werkgroep.htm --> www.pice.nl / werkgroep.htm
2005.03.02 16:58 B V:\ALKG\ICPA\User\Visser\PICE Website\werkgroep.htm --> www.pice.nl / werkgroep.htm
2005.03.02 16:59 B V:\ALKG\ICPA\User\Visser\PICE Website\werkgroep.htm --> www.pice.nl / werkgroep.htm
2005.03.03 10:10 B V:\ALKG\ICPA\User\Visser\PICE Website\training.htm --> www.pice.nl / training.htm
2005.03.03 10:12 B V:\ALKG\ICPA\User\Visser\PICE Website\training.htm --> www.pice.nl / training.htm
2005.03.03 11:43 B V:\ALKG\ICPA\User\Visser\PICE Website\training.htm --> www.pice.nl / training.htm
2005.03.04 17:20 B V:\ALKG\ICPA\User\Visser\PICE Website\training.htm --> www.pice.nl / training.htm
2005.03.07 11:21 B V:\ALKG\ICPA\User\Visser\PICE Website\training.htm --> www.pice.nl / training.htm
2005.03.07 11:26 B V:\ALKG\ICPA\User\Visser\PICE Website\training.htm --> www.pice.nl / training.htm
2005.03.07 11:28 B V:\ALKG\ICPA\User\Visser\PICE Website\training.htm --> www.pice.nl / training.htm
2005.03.07 11:29 B V:\ALKG\ICPA\User\Visser\PICE Website\training.htm --> www.pice.nl / training.htm
2005.03.07 11:31 B V:\ALKG\ICPA\User\Visser\PICE Website\training.htm --> www.pice.nl / training.htm
2005.03.07 11:39 B V:\ALKG\ICPA\User\Visser\PICE Website\training.htm --> www.pice.nl / training.htm
2005.03.07 11:41 B V:\ALKG\ICPA\User\Visser\PICE Website\training.htm --> www.pice.nl / training.htm
2005.04.08 13:24 B V:\ALKG\ICPA\User\Visser\PICE Website\ANZPIC-Diagnoses.pdf --> www.pice.nl /documenten ANZPIC-Diagnoses.pdf
2005.04.08 13:24 B V:\ALKG\ICPA\User\Visser\PICE Website\codes.htm --> www.pice.nl / codes.htm
2005.04.08 13:51 B V:\ALKG\ICPA\User\Visser\PICE Website\training.htm --> www.pice.nl / training.htm
2005.04.08 13:55 B V:\ALKG\ICPA\User\Visser\PICE Website\dataset.htm --> www.pice.nl / dataset.htm
2005.04.08 13:55 B V:\ALKG\ICPA\User\Visser\PICE Website\training.htm --> www.pice.nl / training.htm
2005.04.08 13:59 B V:\ALKG\ICPA\User\Visser\PICE Website\training.htm --> www.pice.nl / training.htm
2005.04.08 14:01 B V:\ALKG\ICPA\User\Visser\PICE Website\training.htm --> www.pice.nl / training.htm
2005.04.08 14:06 B V:\ALKG\ICPA\User\Visser\PICE Website\training.htm --> www.pice.nl / training.htm
2005.04.08 18:07 B V:\ALKG\ICPA\User\Visser\PICE Website\home.htm --> www.pice.nl / home.htm
2005.04.08 18:07 B V:\ALKG\ICPA\User\Visser\PICE Website\training.htm --> www.pice.nl / training.htm
2005.04.11 16:57 B V:\ALKG\ICPA\User\Visser\PICE Website\home.htm --> www.pice.nl / home.htm
2005.04.11 18:09 B V:\ALKG\ICPA\User\Visser\PICE Website\training.htm --> www.pice.nl / training.htm
2005.04.12 18:25 B V:\ALKG\ICPA\User\Visser\PICE Website\home.htm --> www.pice.nl / home.htm
2005.04.12 18:25 B V:\ALKG\ICPA\User\Visser\PICE Website\werkgroep.htm --> www.pice.nl / werkgroep.htm
2005.04.13 14:21 B V:\ALKG\ICPA\User\Visser\PICE Website\training.htm --> www.pice.nl / training.htm
2005.04.13 14:21 B V:\ALKG\ICPA\User\Visser\PICE Website\home.htm --> www.pice.nl / home.htm
2005.04.13 14:21 B V:\ALKG\ICPA\User\Visser\PICE Website\werkgroep.htm --> www.pice.nl / werkgroep.htm
2005.04.13 14:50 B V:\ALKG\ICPA\User\Visser\PICE Website\training.htm --> www.pice.nl / training.htm
2005.04.13 15:10 B V:\ALKG\ICPA\User\Visser\PICE Website\training.htm --> www.pice.nl / training.htm
2005.04.13 18:11 B V:\ALKG\ICPA\User\Visser\PICE Website\training.htm --> www.pice.nl / training.htm
2005.04.13 18:11 B V:\ALKG\ICPA\User\Visser\PICE Website\home.htm --> www.pice.nl / home.htm
2005.04.14 11:54 B V:\ALKG\ICPA\User\Visser\PICE Website\training.htm --> www.pice.nl / training.htm
2005.04.14 13:08 B V:\ALKG\ICPA\User\Visser\PICE Website\training.htm --> www.pice.nl / training.htm
2005.04.14 13:41 B V:\ALKG\ICPA\User\Visser\PICE Website\training.htm --> www.pice.nl / training.htm
2005.04.15 12:14 B V:\ALKG\ICPA\User\Visser\PICE Website\Diagnosecodes.pdf --> www.pice.nl /documenten Diagnosecodes.pdf
2005.04.15 12:15 B V:\ALKG\ICPA\User\Visser\PICE Website\codes.htm --> www.pice.nl / codes.htm
2005.04.15 12:15 B V:\ALKG\ICPA\User\Visser\PICE Website\dataset.htm --> www.pice.nl / dataset.htm
2005.04.18 16:43 B V:\ALKG\ICPA\User\Visser\PICE Website\home.htm --> www.pice.nl / home.htm
2005.04.18 16:55 B V:\ALKG\ICPA\User\Visser\PICE Website\deelnemers.htm --> www.pice.nl / deelnemers.htm
2005.04.19 17:17 B V:\ALKG\ICPA\User\Visser\PICE Website\training.htm --> www.pice.nl / training.htm
2005.04.20 10:57 B V:\ALKG\ICPA\User\Visser\PICE Website\training.htm --> www.pice.nl / training.htm
2005.04.22 11:54 B V:\ALKG\ICPA\User\Visser\PICE Website\training.htm --> www.pice.nl / training.htm
2005.04.22 11:54 B V:\ALKG\ICPA\User\Visser\PICE Website\home.htm --> www.pice.nl / home.htm
2005.04.22 12:03 B V:\ALKG\ICPA\User\Visser\PICE Website\home.htm --> www.pice.nl / home.htm
2005.04.22 12:05 B V:\ALKG\ICPA\User\Visser\PICE Website\training.htm --> www.pice.nl / training.htm
2005.05.11 13:22 B V:\ALKG\ICPA\User\Visser\PICE Website\training.htm --> www.pice.nl / training.htm
2005.05.12 11:38 B V:\ALKG\ICPA\User\Visser\PICE Website\home.htm --> www.pice.nl / home.htm
2005.05.17 15:59 B V:\ALKG\ICPA\User\Visser\PICE Website\training.htm --> www.pice.nl / training.htm
2005.05.20 13:15 B V:\ALKG\ICPA\User\Visser\PICE Website\training.htm --> www.pice.nl / training.htm
2005.05.20 13:33 B V:\ALKG\ICPA\User\Visser\PICE Website\home.htm --> www.pice.nl / home.htm
2005.05.20 13:33 B V:\ALKG\ICPA\User\Visser\PICE Website\training.htm --> www.pice.nl / training.htm
2005.06.27 14:17 B V:\ALKG\ICPA\User\Visser\PICE Website\werkgroep.htm --> www.pice.nl / werkgroep.htm
2005.06.27 14:17 B V:\ALKG\ICPA\User\Visser\PICE Website\home.htm --> www.pice.nl / home.htm
2005.06.27 14:18 B V:\ALKG\ICPA\User\Visser\PICE Website\werkgroep.htm --> www.pice.nl / werkgroep.htm
2005.08.10 16:03 B V:\ALKG\ICPA\User\Visser\PICE Website\PRISM(1)score.pdf --> www.pice.nl /documenten PRISM(1)score.pdf
2005.08.10 16:03 B V:\ALKG\ICPA\User\Visser\PICE Website\PRISM(3)score.pdf --> www.pice.nl /documenten PRISM(3)score.pdf
2005.08.10 16:03 B V:\ALKG\ICPA\User\Visser\PICE Website\PIM Shann Slater.pdf --> www.pice.nl /documenten PIM Shann Slater.pdf
2005.08.10 16:04 B V:\ALKG\ICPA\User\Visser\PICE Website\PICUEsManualOperations.pdf --> www.pice.nl /documenten PICUEsManualOperations.pdf
2005.08.10 16:04 B V:\ALKG\ICPA\User\Visser\PICE Website\PIM2 a revised version of the Paediatric Index.pdf --> www.pice.nl /documenten PIM2 a revised version of the Paediatric Index.pdf
2005.08.10 16:04 B V:\ALKG\ICPA\User\Visser\PICE Website\data_instructions_paeds.pdf --> www.pice.nl /documenten data_instructions_paeds.pdf
2005.08.11 11:15 B V:\ALKG\ICPA\User\Visser\PICE Website\training.htm --> www.pice.nl / training.htm
2005.09.07 11:38 B V:\ALKG\ICPA\User\Visser\PICE Website\home.htm <-- pice / home.htm
2005.09.07 11:40 B V:\ALKG\ICPA\User\Visser\PICE Website\home.htm --> www.pice.nl / home.htm
2005.09.08 10:55 B V:\ALKG\ICPA\User\Visser\PICE Website\home.htm --> www.pice.nl / home.htm
2005.09.14 13:51 B V:\ALKG\ICPA\User\Visser\PICE Website\training.htm --> www.pice.nl / training.htm
2005.09.14 13:51 B V:\ALKG\ICPA\User\Visser\PICE Website\werkgroep.htm --> www.pice.nl / werkgroep.htm
2005.09.14 13:51 B V:\ALKG\ICPA\User\Visser\PICE Website\home.htm --> www.pice.nl / home.htm
2005.09.14 13:57 B V:\ALKG\ICPA\User\Visser\PICE Website\training.htm --> www.pice.nl / training.htm
2005.09.14 13:57 B V:\ALKG\ICPA\User\Visser\PICE Website\werkgroep.htm --> www.pice.nl / werkgroep.htm
2005.09.14 17:28 B V:\ALKG\ICPA\User\Visser\PICE Website\icpclick.zip --> www.pice.nl /irs icpclick.zip
2005.09.15 09:31 B V:\ALKG\ICPA\User\Visser\PICE Website\training.htm --> www.pice.nl / training.htm
2005.09.15 09:33 B V:\ALKG\ICPA\User\Visser\PICE Website\training.htm --> www.pice.nl / training.htm
2005.09.15 09:35 B V:\ALKG\ICPA\User\Visser\PICE Website\werkgroep.htm --> www.pice.nl / werkgroep.htm
2005.09.15 09:36 B V:\ALKG\ICPA\User\Visser\PICE Website\training.htm --> www.pice.nl / training.htm
2005.09.22 14:44 B V:\ALKG\ICPA\User\Visser\PICE Website\training.htm --> www.pice.nl / training.htm
2005.09.22 14:46 B V:\ALKG\ICPA\User\Visser\PICE Website\training.htm --> www.pice.nl / training.htm
2005.09.22 14:50 B V:\ALKG\ICPA\User\Visser\PICE Website\training.htm --> www.pice.nl / training.htm
2005.09.22 14:53 B V:\ALKG\ICPA\User\Visser\PICE Website\training.htm --> www.pice.nl / training.htm
2005.09.23 11:28 B V:\ALKG\ICPA\User\Visser\PICE Website\training.htm --> www.pice.nl / training.htm
2005.09.23 14:27 B V:\ALKG\ICPA\User\Visser\PICE Website\training.htm --> www.pice.nl /documenten training.htm
2005.09.23 14:28 B V:\ALKG\ICPA\User\Visser\PICE Website\training.htm --> www.pice.nl / training.htm
2005.09.23 14:34 B V:\ALKG\ICPA\User\Visser\PICE Website\training.htm --> www.pice.nl / training.htm
2005.09.23 15:05 B V:\ALKG\ICPA\User\Visser\PICE Website\training.htm --> www.pice.nl / training.htm
2005.09.23 15:15 B V:\ALKG\ICPA\User\Visser\PICE Website\training.htm --> www.pice.nl / training.htm
2005.09.23 15:17 B V:\ALKG\ICPA\User\Visser\PICE Website\training.htm --> www.pice.nl / training.htm
2005.09.23 15:19 B V:\ALKG\ICPA\User\Visser\PICE Website\training.htm --> www.pice.nl / training.htm
2005.09.23 15:58 B V:\ALKG\ICPA\User\Visser\PICE Website\home.htm --> www.pice.nl / home.htm
2005.10.10 14:05 B V:\ALKG\ICPA\User\Visser\PICE Website\home.htm --> www.pice.nl / home.htm
2005.10.10 14:07 B V:\ALKG\ICPA\User\Visser\PICE Website\home.htm --> www.pice.nl / home.htm
2005.10.11 09:47 B V:\ALKG\ICPA\User\Visser\PICE Website\home.htm --> www.pice.nl / home.htm
2005.10.11 16:29 B V:\ALKG\ICPA\User\Visser\PICE Website\dataset.htm --> www.pice.nl / dataset.htm
2005.10.14 10:29 B V:\ALKG\ICPA\User\Visser\PICE Website\home.htm --> www.pice.nl / home.htm
2005.10.18 16:59 B V:\ALKG\ICPA\User\Visser\PICE Website\weigeringen.htm --> www.pice.nl / weigeringen.htm
2005.10.18 17:18 B V:\ALKG\ICPA\User\Visser\PICE Website\weigeringen.htm --> www.pice.nl / weigeringen.htm
2005.10.18 17:27 B V:\ALKG\ICPA\User\Visser\PICE Website\home.htm --> www.pice.nl / home.htm
2005.10.18 17:31 B V:\ALKG\ICPA\User\Visser\PICE Website\home.htm --> www.pice.nl / home.htm
2005.10.18 17:49 B V:\ALKG\ICPA\User\Visser\PICE Website\weigeringen.htm --> www.pice.nl / weigeringen.htm
2005.10.18 17:51 B V:\ALKG\ICPA\User\Visser\PICE Website\weigeringen.htm --> www.pice.nl / weigeringen.htm
2005.10.20 09:40 B V:\ALKG\ICPA\User\Visser\PICE Website\training.htm --> www.pice.nl / training.htm
2005.10.24 16:49 B V:\ALKG\ICPA\User\Visser\PICE Website\weigeringen.htm --> www.pice.nl / weigeringen.htm
2005.10.24 16:49 B V:\ALKG\ICPA\User\Visser\PICE Website\home.htm --> www.pice.nl / home.htm
2005.10.25 11:57 B V:\ALKG\ICPA\User\Visser\PICE Website\weigeringen.htm --> www.pice.nl / weigeringen.htm
2005.11.28 09:08 B V:\ALKG\ICPA\User\Visser\PICE Website\dataset.htm <-- pice / dataset.htm
2005.11.28 09:08 B V:\ALKG\ICPA\User\Visser\PICE Website\dataset.htm --> www.pice.nl / dataset.htm
2005.12.12 16:30 B V:\ALKG\ICPA\User\Visser\PICE Website\dataset.htm --> www.pice.nl / dataset.htm
2005.12.12 16:41 B V:\ALKG\ICPA\User\Visser\PICE Website\dataset.htm --> www.pice.nl / dataset.htm
2005.12.12 16:45 B V:\ALKG\ICPA\User\Visser\PICE Website\dataset.htm --> www.pice.nl / dataset.htm
2005.12.12 16:46 B V:\ALKG\ICPA\User\Visser\PICE Website\dataset.htm --> www.pice.nl / dataset.htm
2005.12.12 16:48 B V:\ALKG\ICPA\User\Visser\PICE Website\dataset.htm --> www.pice.nl / dataset.htm
2005.12.14 09:50 B V:\ALKG\ICPA\User\Visser\PICE Website\dataset.htm <-- pice / dataset.htm
2005.12.14 09:50 B V:\ALKG\ICPA\User\Visser\PICE Website\codes.htm <-- pice / codes.htm
2005.12.14 09:50 B V:\ALKG\ICPA\User\Visser\PICE Website\home.htm <-- pice / home.htm
2005.12.14 09:50 B V:\ALKG\ICPA\User\Visser\PICE Website\werkgroep.htm <-- pice / werkgroep.htm
2005.12.14 11:18 B V:\ALKG\ICPA\User\Visser\PICE Website\werkgroep.htm --> www.pice.nl / werkgroep.htm
2005.12.14 11:19 B V:\ALKG\ICPA\User\Visser\PICE Website\home.htm --> www.pice.nl / home.htm
2005.12.14 11:19 B V:\ALKG\ICPA\User\Visser\PICE Website\dataset.htm --> www.pice.nl / dataset.htm
2005.12.14 11:25 B V:\ALKG\ICPA\User\Visser\PICE Website\dataset.htm --> www.pice.nl / dataset.htm
2005.12.28 15:36 B V:\ALKG\ICPA\User\Visser\PICE Website\weigeringen.htm <-- pice / weigeringen.htm
2005.12.28 15:39 B V:\ALKG\ICPA\User\Visser\PICE Website\weigeringen.htm --> www.pice.nl / weigeringen.htm
2005.12.30 11:31 B V:\ALKG\ICPA\User\Visser\PICE Website\weigeringen.htm <-- pice / weigeringen.htm
2005.12.30 12:20 B V:\ALKG\ICPA\User\Visser\PICE Website\weigeringen.htm --> www.pice.nl / weigeringen.htm
2005.12.30 12:25 B V:\ALKG\ICPA\User\Visser\PICE Website\weigeringen.htm --> www.pice.nl / weigeringen.htm
2005.12.30 12:38 B V:\ALKG\ICPA\User\Visser\PICE Website\home.htm --> www.pice.nl / home.htm
2005.12.30 12:41 B V:\ALKG\ICPA\User\Visser\PICE Website\home.htm --> www.pice.nl / home.htm
2006.01.03 18:09 B V:\ALKG\ICPA\User\Visser\PICE Website\home.htm --> www.pice.nl / home.htm
2006.01.03 18:10 B V:\ALKG\ICPA\User\Visser\PICE Website\weigeringen.htm --> www.pice.nl / weigeringen.htm
2006.01.03 18:39 B V:\ALKG\ICPA\User\Visser\PICE Website\weigeringen.htm --> www.pice.nl / weigeringen.htm
2006.01.13 12:00 B V:\ALKG\ICPA\User\Visser\PICE Website\training.htm --> www.pice.nl / training.htm
2006.01.13 12:01 B V:\ALKG\ICPA\User\Visser\PICE Website\training.htm --> www.pice.nl / training.htm
2006.01.16 09:50 B V:\ALKG\ICPA\User\Visser\PICE Website\home.htm --> www.pice.nl / home.htm
2006.01.16 10:00 B V:\ALKG\ICPA\User\Visser\PICE Website\dataset.htm --> www.pice.nl / dataset.htm
2006.01.16 10:00 B V:\ALKG\ICPA\User\Visser\PICE Website\home.htm --> www.pice.nl / home.htm
2006.01.16 10:51 B V:\ALKG\ICPA\User\Visser\PICE Website\links.htm --> www.pice.nl / links.htm
2006.01.16 10:51 B V:\ALKG\ICPA\User\Visser\PICE Website\nieuws.htm --> www.pice.nl / nieuws.htm
2006.01.16 10:51 B V:\ALKG\ICPA\User\Visser\PICE Website\deelnemers.htm --> www.pice.nl / deelnemers.htm
2006.01.16 10:51 B V:\ALKG\ICPA\User\Visser\PICE Website\werkgroep.htm --> www.pice.nl / werkgroep.htm
2006.01.16 10:51 B V:\ALKG\ICPA\User\Visser\PICE Website\dataset.htm --> www.pice.nl / dataset.htm
2006.01.16 10:51 B V:\ALKG\ICPA\User\Visser\PICE Website\weigeringen.htm --> www.pice.nl / weigeringen.htm
2006.01.16 10:51 B V:\ALKG\ICPA\User\Visser\PICE Website\training.htm --> www.pice.nl / training.htm
2006.01.16 11:10 B V:\ALKG\ICPA\User\Visser\PICE Website\doelstelling.htm <-- pice / doelstelling.htm
2006.01.16 11:10 B V:\ALKG\ICPA\User\Visser\PICE Website\stichting.html <-- pice / stichting.html
2006.01.16 11:16 B V:\ALKG\ICPA\User\Visser\PICE Website\doelstelling.htm --> www.pice.nl / doelstelling.htm
2006.01.16 11:16 B V:\ALKG\ICPA\User\Visser\PICE Website\stichting.html --> www.pice.nl / stichting.html
2006.01.17 10:12 B V:\ALKG\ICPA\User\Visser\PICE Website\training.htm --> www.pice.nl / training.htm
2006.01.19 12:16 B V:\ALKG\ICPA\User\Visser\PICE Website\training.htm --> www.pice.nl / training.htm
2006.02.07 18:07 B V:\ALKG\ICPA\User\Visser\PICE Website\home.htm --> www.pice.nl / home.htm
2006.02.10 18:11 B V:\ALKG\ICPA\User\Visser\PICE Website\home.htm --> www.pice.nl / home.htm
2006.02.17 17:39 B V:\ALKG\ICPA\User\Visser\PICE Website\home.htm --> www.pice.nl / home.htm
2006.03.13 13:32 B V:\ALKG\ICPA\User\Visser\PICE Website\training.htm --> www.pice.nl / training.htm
2006.03.13 13:32 B V:\ALKG\ICPA\User\Visser\PICE Website\werkgroep.htm --> www.pice.nl / werkgroep.htm
2006.03.13 13:32 B V:\ALKG\ICPA\User\Visser\PICE Website\home.htm --> www.pice.nl / home.htm
2006.03.13 15:36 B V:\ALKG\ICPA\User\Visser\PICE Website\home.htm --> www.pice.nl / home.htm
2006.03.13 15:36 B V:\ALKG\ICPA\User\Visser\PICE Website\training.htm --> www.pice.nl / training.htm
2006.03.15 14:07 B V:\ALKG\ICPA\User\Visser\PICE Website\training.htm --> www.pice.nl / training.htm
2006.03.15 14:07 B V:\ALKG\ICPA\User\Visser\PICE Website\home.htm --> www.pice.nl / home.htm
2006.04.03 17:38 B V:\ALKG\ICPA\User\Visser\PICE Website\links.htm --> www.pice.nl / links.htm
2006.04.03 17:38 B V:\ALKG\ICPA\User\Visser\PICE Website\home.htm --> www.pice.nl / home.htm
2006.04.03 17:43 B V:\ALKG\ICPA\User\Visser\PICE Website\home.htm --> www.pice.nl / home.htm
2006.04.05 18:17 B V:\ALKG\ICPA\User\Visser\PICE Website\home.htm --> www.pice.nl / home.htm
2006.04.05 18:17 B V:\ALKG\ICPA\User\Visser\PICE Website\links.htm --> www.pice.nl / links.htm
2006.05.16 11:40 B V:\ALKG\ICPA\User\Visser\PICE Website\home.htm --> www.pice.nl / home.htm
2006.05.16 11:40 B V:\ALKG\ICPA\User\Visser\PICE Website\training.htm --> www.pice.nl / training.htm
2006.05.16 18:17 B V:\ALKG\ICPA\User\Visser\PICE Website\werkgroep.htm --> www.pice.nl / werkgroep.htm
2006.05.16 18:17 B V:\ALKG\ICPA\User\Visser\PICE Website\home.htm --> www.pice.nl / home.htm
2006.06.03 12:44 B V:\ALKG\ICPA\User\Visser\PICE Website\werkgroep.htm --> www.pice.nl / werkgroep.htm
2006.06.03 12:44 B V:\ALKG\ICPA\User\Visser\PICE Website\home.htm --> www.pice.nl / home.htm
2006.06.07 09:58 B V:\ALKG\ICPA\User\Visser\PICE Website\nieuws.htm --> www.pice.nl / nieuws.htm
2006.06.07 09:58 B V:\ALKG\ICPA\User\Visser\PICE Website\home.htm --> www.pice.nl / home.htm
2006.07.03 13:18 B V:\ALKG\ICPA\User\Visser\PICE Website\home.htm --> www.pice.nl / home.htm
2006.07.06 16:41 B V:\ALKG\ICPA\User\Visser\PICE Website\training.htm --> www.pice.nl / training.htm
2006.07.07 15:01 B V:\ALKG\ICPA\User\Visser\PICE Website\home.htm --> www.pice.nl / home.htm
2006.09.22 10:25 B V:\ALKG\ICPA\User\Visser\PICE Website\stichting.html --> www.pice.nl / stichting.html
2006.09.29 11:30 B V:\ALKG\ICPA\User\Visser\PICE Website\links.htm --> www.pice.nl / links.htm
2006.09.29 11:30 B V:\ALKG\ICPA\User\Visser\PICE Website\home.htm --> www.pice.nl / home.htm
2006.09.29 11:42 B V:\ALKG\ICPA\User\Visser\PICE Website\nieuws.htm --> www.pice.nl / nieuws.htm
2006.11.16 13:38 B V:\ALKG\ICPA\User\Visser\PICE Website\training.htm --> www.pice.nl / training.htm
2006.11.16 13:38 B V:\ALKG\ICPA\User\Visser\PICE Website\werkgroep.htm --> www.pice.nl / werkgroep.htm
2006.11.16 13:38 B V:\ALKG\ICPA\User\Visser\PICE Website\home.htm --> www.pice.nl / home.htm
2006.11.16 13:42 B V:\ALKG\ICPA\User\Visser\PICE Website\home.htm --> www.pice.nl / home.htm
2006.11.16 13:47 B V:\ALKG\ICPA\User\Visser\PICE Website\training.htm --> www.pice.nl / training.htm
2006.12.21 11:32 B V:\ALKG\ICPA\User\Visser\PICE Website\werkgroep.htm --> www.pice.nl / werkgroep.htm
2006.12.21 11:32 B V:\ALKG\ICPA\User\Visser\PICE Website\training.htm --> www.pice.nl / training.htm
2006.12.21 11:32 B V:\ALKG\ICPA\User\Visser\PICE Website\home.htm --> www.pice.nl / home.htm
2006.12.22 10:35 B V:\ALKG\ICPA\User\Visser\PICE Website\home.htm --> www.pice.nl / home.htm
2006.12.28 13:35 B V:\ALKG\ICPA\User\Visser\PICE Website\home.htm --> www.pice.nl / home.htm
2006.12.28 13:38 B V:\ALKG\ICPA\User\Visser\PICE Website\home.html --> www.pice.nl / home.html
2006.12.28 13:42 B V:\ALKG\ICPA\User\Visser\PICE Website\home.htm --> www.pice.nl / home.htm
2006.12.28 13:51 B V:\ALKG\ICPA\User\Visser\PICE Website\home.htm --> www.pice.nl / home.htm
2006.12.28 13:54 B V:\ALKG\ICPA\User\Visser\PICE Website\home.htm --> www.pice.nl / home.htm
2006.12.28 16:15 B V:\ALKG\ICPA\User\Visser\PICE Website\home.html --> www.pice.nl / home.html
2006.12.28 16:15 B V:\ALKG\ICPA\User\Visser\PICE Website\home.htm <-- pice / home.htm
2006.12.28 16:16 B V:\ALKG\ICPA\User\Visser\PICE Website\index.html --> www.pice.nl / index.html
2007.03.23 11:09 B V:\ALKG\ICPA\User\Visser\PICE Website\stichting.html --> www.pice.nl /webspace/httpdocs stichting.html
2007.03.23 11:09 B V:\ALKG\ICPA\User\Visser\PICE Website\links.htm --> www.pice.nl /webspace/httpdocs links.htm
2007.03.23 11:09 B V:\ALKG\ICPA\User\Visser\PICE Website\training.htm --> www.pice.nl /webspace/httpdocs training.htm
2007.03.23 11:09 B V:\ALKG\ICPA\User\Visser\PICE Website\werkgroep.htm --> www.pice.nl /webspace/httpdocs werkgroep.htm
2007.03.23 11:09 B V:\ALKG\ICPA\User\Visser\PICE Website\index.html --> www.pice.nl /webspace/httpdocs index.html
2007.03.23 11:23 B V:\ALKG\ICPA\User\Visser\PICE Website\codes.htm --> www.pice.nl /webspace/httpdocs codes.htm
2007.03.23 11:23 B V:\ALKG\ICPA\User\Visser\PICE Website\dataset.htm --> www.pice.nl /webspace/httpdocs dataset.htm
2007.03.23 11:39 B V:\ALKG\ICPA\User\Visser\PICE Website\weigeringen.htm --> www.pice.nl /webspace/httpdocs weigeringen.htm
2007.03.23 11:39 B V:\ALKG\ICPA\User\Visser\PICE Website\werkgroep.htm --> www.pice.nl /webspace/httpdocs werkgroep.htm
2007.03.23 11:39 B V:\ALKG\ICPA\User\Visser\PICE Website\training.htm --> www.pice.nl /webspace/httpdocs training.htm
2007.03.23 11:39 B V:\ALKG\ICPA\User\Visser\PICE Website\stichting.html --> www.pice.nl /webspace/httpdocs stichting.html
2007.03.23 11:39 B V:\ALKG\ICPA\User\Visser\PICE Website\nieuws.htm --> www.pice.nl /webspace/httpdocs nieuws.htm
2007.03.23 11:39 B V:\ALKG\ICPA\User\Visser\PICE Website\links.htm --> www.pice.nl /webspace/httpdocs links.htm
2007.03.23 11:39 B V:\ALKG\ICPA\User\Visser\PICE Website\index.html --> www.pice.nl /webspace/httpdocs index.html
2007.03.23 11:39 B V:\ALKG\ICPA\User\Visser\PICE Website\doelstelling.htm --> www.pice.nl /webspace/httpdocs doelstelling.htm
